This is pdfTeX, Version 3.14159265-2.6-1.40.17 (TeX Live 2016) (preloaded format=pdflatex 2016.5.22)  9 JUL 2016 23:10
entering extended mode
 restricted \write18 enabled.
 %&-line parsing enabled.
**arbeit.tex
(./arbeit.tex
LaTeX2e <2016/03/31>
Babel <3.9r> and hyphenation patterns for 83 language(s) loaded.
(/usr/local/texlive/2016/texmf-dist/tex/latex/koma-script/scrbook.cls
Document Class: scrbook 2016/05/10 v3.20 KOMA-Script document class (book)
(/usr/local/texlive/2016/texmf-dist/tex/latex/koma-script/scrkbase.sty
Package: scrkbase 2016/05/10 v3.20 KOMA-Script package (KOMA-Script-dependent b
asics and keyval usage)

(/usr/local/texlive/2016/texmf-dist/tex/latex/koma-script/scrbase.sty
Package: scrbase 2016/05/10 v3.20 KOMA-Script package (KOMA-Script-independent 
basics and keyval usage)

(/usr/local/texlive/2016/texmf-dist/tex/latex/graphics/keyval.sty
Package: keyval 2014/10/28 v1.15 key=value parser (DPC)
\KV@toks@=\toks14
)
(/usr/local/texlive/2016/texmf-dist/tex/latex/koma-script/scrlfile.sty
Package: scrlfile 2016/05/10 v3.20 KOMA-Script package (loading files)

Package scrlfile, 2016/05/10 v3.20 KOMA-Script package (loading files)
                  Copyright (C) Markus Kohm

))) (/usr/local/texlive/2016/texmf-dist/tex/latex/koma-script/tocbasic.sty
Package: tocbasic 2016/05/10 v3.20 KOMA-Script package (handling toc-files)
\scr@dte@tocline@numberwidth=\skip41
\scr@dte@tocline@numbox=\box26
)
Package tocbasic Info: omitting babel extension for `toc'
(tocbasic)             because of feature `nobabel' available
(tocbasic)             for `toc' on input line 132.
Package tocbasic Info: omitting babel extension for `lof'
(tocbasic)             because of feature `nobabel' available
(tocbasic)             for `lof' on input line 133.
Package tocbasic Info: omitting babel extension for `lot'
(tocbasic)             because of feature `nobabel' available
(tocbasic)             for `lot' on input line 134.
Package tocbasic Info: defining new hook before heading of `' on input line 160
1.


Class scrbook Warning: You've used obsolete option `smallheadings'.
(scrbook)              Usage of this option indicates an old document
(scrbook)              and changes compatibility level using
(scrbook)              `headings=small,version=first,
(scrbook)              enabledeprecatedfontcommands' that may result
(scrbook)              in further warnings.
(scrbook)              If you don't want this, you should simply
(scrbook)              replace option `smallheadings' by `headings=small'.

Class scrbook Info: Switching compatibility level to `first'.

Class scrbook Warning: deprecated option `enabledeprecatedfontcommands'.
(scrbook)              Note, that this option was already depreacted when
(scrbook)              it has been defined. Support for old font commands
(scrbook)              has been removed from KOMA-Script more than one
(scrbook)              decade ago. It is not recommended to use them any
(scrbook)              longer. Therefore usage of this class option also
(scrbook)              is not recommended.


Class scrbook Warning: You've used obsolete option `liststotoc'.
(scrbook)              Usage of this option indicates an old document
(scrbook)              and changes compatibility level using
(scrbook)              `listof=totoc,version=first,
(scrbook)              enabledeprecatedfontcommands' that may result
(scrbook)              in further warnings.
(scrbook)              If you don't want this, you should simply
(scrbook)              replace option `liststotoc' by `listof=totoc'.

Class scrbook Info: Switching compatibility level to `first'.

Class scrbook Warning: deprecated option `enabledeprecatedfontcommands'.
(scrbook)              Note, that this option was already depreacted when
(scrbook)              it has been defined. Support for old font commands
(scrbook)              has been removed from KOMA-Script more than one
(scrbook)              decade ago. It is not recommended to use them any
(scrbook)              longer. Therefore usage of this class option also
(scrbook)              is not recommended.


Class scrbook Warning: You've used obsolete option `bibtotoc'.
(scrbook)              Usage of this option indicates an old document
(scrbook)              and changes compatibility level using
(scrbook)              `bibliography=totoc,version=first,
(scrbook)              enabledeprecatedfontcommands' that may result
(scrbook)              in further warnings.
(scrbook)              If you don't want this, you should simply
(scrbook)              replace option `bibtotoc' by `bibliography=totoc'.

Class scrbook Info: Switching compatibility level to `first'.

Class scrbook Warning: deprecated option `enabledeprecatedfontcommands'.
(scrbook)              Note, that this option was already depreacted when
(scrbook)              it has been defined. Support for old font commands
(scrbook)              has been removed from KOMA-Script more than one
(scrbook)              decade ago. It is not recommended to use them any
(scrbook)              longer. Therefore usage of this class option also
(scrbook)              is not recommended.

Package scrbook Info: You've used standard option `12pt'.
(scrbook)             This is correct!
(scrbook)             Internally I'm using `fontsize=12pt'.
(scrbook)             If you'd like to set the option with \KOMAoptions,
(scrbook)             you'd have to use `fontsize=12pt' there
(scrbook)             instead of `12pt', too.
Class scrbook Info: File `scrsize12pt.clo' used to setup font sizes on input li
ne 2268.
(/usr/local/texlive/2016/texmf-dist/tex/latex/koma-script/scrsize12pt.clo
File: scrsize12pt.clo 2016/05/10 v3.20 KOMA-Script font size class option (12pt
)
)
(/usr/local/texlive/2016/texmf-dist/tex/latex/koma-script/typearea.sty
Package: typearea 2016/05/10 v3.20 KOMA-Script package (type area)

Package typearea, 2016/05/10 v3.20 KOMA-Script package (type area)
                  Copyright (C) Frank Neukam, 1992-1994
                  Copyright (C) Markus Kohm, 1994-

\ta@bcor=\skip42
\ta@div=\count79
\ta@hblk=\skip43
\ta@vblk=\skip44
\ta@temp=\skip45
\footheight=\skip46
Package typearea Info: These are the values describing the layout:
(typearea)             DIV  = 12
(typearea)             BCOR = 0.0pt
(typearea)             \paperwidth      = 597.50793pt
(typearea)              \textwidth      = 448.13095pt
(typearea)              DIV departure   = -6%
(typearea)              \evensidemargin = 27.31467pt
(typearea)              \oddsidemargin  = -22.47766pt
(typearea)             \paperheight     = 845.04694pt
(typearea)              \textheight     = 606.5pt
(typearea)              \topmargin      = -1.84941pt
(typearea)              \headheight     = 18.125pt
(typearea)              \headsep        = 21.75pt
(typearea)              \topskip        = 12.0pt
(typearea)              \footskip       = 50.75pt
(typearea)              \baselineskip   = 14.5pt
(typearea)              on input line 1528.
)
\c@part=\count80
\c@chapter=\count81
\c@section=\count82
\c@subsection=\count83
\c@subsubsection=\count84
\c@paragraph=\count85
\c@subparagraph=\count86
\scr@dte@part@maxnumwidth=\skip47
\scr@dte@chapter@maxnumwidth=\skip48
\scr@dte@section@maxnumwidth=\skip49
\scr@dte@subsection@maxnumwidth=\skip50
\scr@dte@subsubsection@maxnumwidth=\skip51
\scr@dte@paragraph@maxnumwidth=\skip52
\scr@dte@subparagraph@maxnumwidth=\skip53
LaTeX Info: Redefining \textsubscript on input line 4771.
\abovecaptionskip=\skip54
\belowcaptionskip=\skip55
\c@pti@nb@sid@b@x=\box27
\c@figure=\count87
\c@table=\count88
Class scrbook Info: Redefining `\numberline' on input line 5776.
\bibindent=\dimen102
) (/usr/local/texlive/2016/texmf-dist/tex/latex/ntgclass/a4.sty
Package: a4 2004/04/15 v1.2g A4 based page layout
)
(/usr/local/texlive/2016/texmf-dist/tex/latex/geometry/geometry.sty
Package: geometry 2010/09/12 v5.6 Page Geometry

(/usr/local/texlive/2016/texmf-dist/tex/generic/oberdiek/ifpdf.sty
Package: ifpdf 2016/05/14 v3.1 Provides the ifpdf switch
)
(/usr/local/texlive/2016/texmf-dist/tex/generic/oberdiek/ifvtex.sty
Package: ifvtex 2016/05/16 v1.6 Detect VTeX and its facilities (HO)
Package ifvtex Info: VTeX not detected.
)
(/usr/local/texlive/2016/texmf-dist/tex/generic/ifxetex/ifxetex.sty
Package: ifxetex 2010/09/12 v0.6 Provides ifxetex conditional
)
\Gm@cnth=\count89
\Gm@cntv=\count90
\c@Gm@tempcnt=\count91
\Gm@bindingoffset=\dimen103
\Gm@wd@mp=\dimen104
\Gm@odd@mp=\dimen105
\Gm@even@mp=\dimen106
\Gm@layoutwidth=\dimen107
\Gm@layoutheight=\dimen108
\Gm@layouthoffset=\dimen109
\Gm@layoutvoffset=\dimen110
\Gm@dimlist=\toks15
)
(/usr/local/texlive/2016/texmf-dist/tex/generic/babel/babel.sty
Package: babel 2016/04/23 3.9r The Babel package

(/usr/local/texlive/2016/texmf-dist/tex/generic/babel-english/english.ldf
Language: english 2012/08/20 v3.3p English support from the babel system

(/usr/local/texlive/2016/texmf-dist/tex/generic/babel/babel.def
File: babel.def 2016/04/23 3.9r Babel common definitions
\babel@savecnt=\count92
\U@D=\dimen111
)
\l@canadian = a dialect from \language\l@american 
\l@australian = a dialect from \language\l@british 
\l@newzealand = a dialect from \language\l@british 
)
(/usr/local/texlive/2016/texmf-dist/tex/generic/babel-german/ngerman.ldf
Language: ngerman 2013/12/13 v2.7 German support for babel (new orthography)

(/usr/local/texlive/2016/texmf-dist/tex/generic/babel-german/ngermanb.ldf
Language: ngermanb 2013/12/13 v2.7 German support for babel (new orthography)
\l@naustrian = a dialect from \language\l@ngerman 
\l@nswissgerman = a dialect from \language\l@ngerman 
Package babel Info: Making " an active character on input line 88.
)))
(/usr/local/texlive/2016/texmf-dist/tex/latex/base/inputenc.sty
Package: inputenc 2015/03/17 v1.2c Input encoding file
\inpenc@prehook=\toks16
\inpenc@posthook=\toks17

(/usr/local/texlive/2016/texmf-dist/tex/latex/base/utf8.def
File: utf8.def 2016/02/28 v1.1s UTF-8 support for inputenc
Now handling font encoding OML ...
... no UTF-8 mapping file for font encoding OML
Now handling font encoding T1 ...
... processing UTF-8 mapping file for font encoding T1

(/usr/local/texlive/2016/texmf-dist/tex/latex/base/t1enc.dfu
File: t1enc.dfu 2016/02/28 v1.1s UTF-8 support for inputenc
   defining Unicode char U+00A0 (decimal 160)
   defining Unicode char U+00A1 (decimal 161)
   defining Unicode char U+00A3 (decimal 163)
   defining Unicode char U+00AB (decimal 171)
   defining Unicode char U+00AD (decimal 173)
   defining Unicode char U+00BB (decimal 187)
   defining Unicode char U+00BF (decimal 191)
   defining Unicode char U+00C0 (decimal 192)
   defining Unicode char U+00C1 (decimal 193)
   defining Unicode char U+00C2 (decimal 194)
   defining Unicode char U+00C3 (decimal 195)
   defining Unicode char U+00C4 (decimal 196)
   defining Unicode char U+00C5 (decimal 197)
   defining Unicode char U+00C6 (decimal 198)
   defining Unicode char U+00C7 (decimal 199)
   defining Unicode char U+00C8 (decimal 200)
   defining Unicode char U+00C9 (decimal 201)
   defining Unicode char U+00CA (decimal 202)
   defining Unicode char U+00CB (decimal 203)
   defining Unicode char U+00CC (decimal 204)
   defining Unicode char U+00CD (decimal 205)
   defining Unicode char U+00CE (decimal 206)
   defining Unicode char U+00CF (decimal 207)
   defining Unicode char U+00D0 (decimal 208)
   defining Unicode char U+00D1 (decimal 209)
   defining Unicode char U+00D2 (decimal 210)
   defining Unicode char U+00D3 (decimal 211)
   defining Unicode char U+00D4 (decimal 212)
   defining Unicode char U+00D5 (decimal 213)
   defining Unicode char U+00D6 (decimal 214)
   defining Unicode char U+00D8 (decimal 216)
   defining Unicode char U+00D9 (decimal 217)
   defining Unicode char U+00DA (decimal 218)
   defining Unicode char U+00DB (decimal 219)
   defining Unicode char U+00DC (decimal 220)
   defining Unicode char U+00DD (decimal 221)
   defining Unicode char U+00DE (decimal 222)
   defining Unicode char U+00DF (decimal 223)
   defining Unicode char U+00E0 (decimal 224)
   defining Unicode char U+00E1 (decimal 225)
   defining Unicode char U+00E2 (decimal 226)
   defining Unicode char U+00E3 (decimal 227)
   defining Unicode char U+00E4 (decimal 228)
   defining Unicode char U+00E5 (decimal 229)
   defining Unicode char U+00E6 (decimal 230)
   defining Unicode char U+00E7 (decimal 231)
   defining Unicode char U+00E8 (decimal 232)
   defining Unicode char U+00E9 (decimal 233)
   defining Unicode char U+00EA (decimal 234)
   defining Unicode char U+00EB (decimal 235)
   defining Unicode char U+00EC (decimal 236)
   defining Unicode char U+00ED (decimal 237)
   defining Unicode char U+00EE (decimal 238)
   defining Unicode char U+00EF (decimal 239)
   defining Unicode char U+00F0 (decimal 240)
   defining Unicode char U+00F1 (decimal 241)
   defining Unicode char U+00F2 (decimal 242)
   defining Unicode char U+00F3 (decimal 243)
   defining Unicode char U+00F4 (decimal 244)
   defining Unicode char U+00F5 (decimal 245)
   defining Unicode char U+00F6 (decimal 246)
   defining Unicode char U+00F8 (decimal 248)
   defining Unicode char U+00F9 (decimal 249)
   defining Unicode char U+00FA (decimal 250)
   defining Unicode char U+00FB (decimal 251)
   defining Unicode char U+00FC (decimal 252)
   defining Unicode char U+00FD (decimal 253)
   defining Unicode char U+00FE (decimal 254)
   defining Unicode char U+00FF (decimal 255)
   defining Unicode char U+0100 (decimal 256)
   defining Unicode char U+0101 (decimal 257)
   defining Unicode char U+0102 (decimal 258)
   defining Unicode char U+0103 (decimal 259)
   defining Unicode char U+0104 (decimal 260)
   defining Unicode char U+0105 (decimal 261)
   defining Unicode char U+0106 (decimal 262)
   defining Unicode char U+0107 (decimal 263)
   defining Unicode char U+0108 (decimal 264)
   defining Unicode char U+0109 (decimal 265)
   defining Unicode char U+010A (decimal 266)
   defining Unicode char U+010B (decimal 267)
   defining Unicode char U+010C (decimal 268)
   defining Unicode char U+010D (decimal 269)
   defining Unicode char U+010E (decimal 270)
   defining Unicode char U+010F (decimal 271)
   defining Unicode char U+0110 (decimal 272)
   defining Unicode char U+0111 (decimal 273)
   defining Unicode char U+0112 (decimal 274)
   defining Unicode char U+0113 (decimal 275)
   defining Unicode char U+0114 (decimal 276)
   defining Unicode char U+0115 (decimal 277)
   defining Unicode char U+0116 (decimal 278)
   defining Unicode char U+0117 (decimal 279)
   defining Unicode char U+0118 (decimal 280)
   defining Unicode char U+0119 (decimal 281)
   defining Unicode char U+011A (decimal 282)
   defining Unicode char U+011B (decimal 283)
   defining Unicode char U+011C (decimal 284)
   defining Unicode char U+011D (decimal 285)
   defining Unicode char U+011E (decimal 286)
   defining Unicode char U+011F (decimal 287)
   defining Unicode char U+0120 (decimal 288)
   defining Unicode char U+0121 (decimal 289)
   defining Unicode char U+0122 (decimal 290)
   defining Unicode char U+0123 (decimal 291)
   defining Unicode char U+0124 (decimal 292)
   defining Unicode char U+0125 (decimal 293)
   defining Unicode char U+0128 (decimal 296)
   defining Unicode char U+0129 (decimal 297)
   defining Unicode char U+012A (decimal 298)
   defining Unicode char U+012B (decimal 299)
   defining Unicode char U+012C (decimal 300)
   defining Unicode char U+012D (decimal 301)
   defining Unicode char U+012E (decimal 302)
   defining Unicode char U+012F (decimal 303)
   defining Unicode char U+0130 (decimal 304)
   defining Unicode char U+0131 (decimal 305)
   defining Unicode char U+0132 (decimal 306)
   defining Unicode char U+0133 (decimal 307)
   defining Unicode char U+0134 (decimal 308)
   defining Unicode char U+0135 (decimal 309)
   defining Unicode char U+0136 (decimal 310)
   defining Unicode char U+0137 (decimal 311)
   defining Unicode char U+0139 (decimal 313)
   defining Unicode char U+013A (decimal 314)
   defining Unicode char U+013B (decimal 315)
   defining Unicode char U+013C (decimal 316)
   defining Unicode char U+013D (decimal 317)
   defining Unicode char U+013E (decimal 318)
   defining Unicode char U+0141 (decimal 321)
   defining Unicode char U+0142 (decimal 322)
   defining Unicode char U+0143 (decimal 323)
   defining Unicode char U+0144 (decimal 324)
   defining Unicode char U+0145 (decimal 325)
   defining Unicode char U+0146 (decimal 326)
   defining Unicode char U+0147 (decimal 327)
   defining Unicode char U+0148 (decimal 328)
   defining Unicode char U+014A (decimal 330)
   defining Unicode char U+014B (decimal 331)
   defining Unicode char U+014C (decimal 332)
   defining Unicode char U+014D (decimal 333)
   defining Unicode char U+014E (decimal 334)
   defining Unicode char U+014F (decimal 335)
   defining Unicode char U+0150 (decimal 336)
   defining Unicode char U+0151 (decimal 337)
   defining Unicode char U+0152 (decimal 338)
   defining Unicode char U+0153 (decimal 339)
   defining Unicode char U+0154 (decimal 340)
   defining Unicode char U+0155 (decimal 341)
   defining Unicode char U+0156 (decimal 342)
   defining Unicode char U+0157 (decimal 343)
   defining Unicode char U+0158 (decimal 344)
   defining Unicode char U+0159 (decimal 345)
   defining Unicode char U+015A (decimal 346)
   defining Unicode char U+015B (decimal 347)
   defining Unicode char U+015C (decimal 348)
   defining Unicode char U+015D (decimal 349)
   defining Unicode char U+015E (decimal 350)
   defining Unicode char U+015F (decimal 351)
   defining Unicode char U+0160 (decimal 352)
   defining Unicode char U+0161 (decimal 353)
   defining Unicode char U+0162 (decimal 354)
   defining Unicode char U+0163 (decimal 355)
   defining Unicode char U+0164 (decimal 356)
   defining Unicode char U+0165 (decimal 357)
   defining Unicode char U+0168 (decimal 360)
   defining Unicode char U+0169 (decimal 361)
   defining Unicode char U+016A (decimal 362)
   defining Unicode char U+016B (decimal 363)
   defining Unicode char U+016C (decimal 364)
   defining Unicode char U+016D (decimal 365)
   defining Unicode char U+016E (decimal 366)
   defining Unicode char U+016F (decimal 367)
   defining Unicode char U+0170 (decimal 368)
   defining Unicode char U+0171 (decimal 369)
   defining Unicode char U+0172 (decimal 370)
   defining Unicode char U+0173 (decimal 371)
   defining Unicode char U+0174 (decimal 372)
   defining Unicode char U+0175 (decimal 373)
   defining Unicode char U+0176 (decimal 374)
   defining Unicode char U+0177 (decimal 375)
   defining Unicode char U+0178 (decimal 376)
   defining Unicode char U+0179 (decimal 377)
   defining Unicode char U+017A (decimal 378)
   defining Unicode char U+017B (decimal 379)
   defining Unicode char U+017C (decimal 380)
   defining Unicode char U+017D (decimal 381)
   defining Unicode char U+017E (decimal 382)
   defining Unicode char U+01CD (decimal 461)
   defining Unicode char U+01CE (decimal 462)
   defining Unicode char U+01CF (decimal 463)
   defining Unicode char U+01D0 (decimal 464)
   defining Unicode char U+01D1 (decimal 465)
   defining Unicode char U+01D2 (decimal 466)
   defining Unicode char U+01D3 (decimal 467)
   defining Unicode char U+01D4 (decimal 468)
   defining Unicode char U+01E2 (decimal 482)
   defining Unicode char U+01E3 (decimal 483)
   defining Unicode char U+01E6 (decimal 486)
   defining Unicode char U+01E7 (decimal 487)
   defining Unicode char U+01E8 (decimal 488)
   defining Unicode char U+01E9 (decimal 489)
   defining Unicode char U+01EA (decimal 490)
   defining Unicode char U+01EB (decimal 491)
   defining Unicode char U+01F0 (decimal 496)
   defining Unicode char U+01F4 (decimal 500)
   defining Unicode char U+01F5 (decimal 501)
   defining Unicode char U+0218 (decimal 536)
   defining Unicode char U+0219 (decimal 537)
   defining Unicode char U+021A (decimal 538)
   defining Unicode char U+021B (decimal 539)
   defining Unicode char U+1E02 (decimal 7682)
   defining Unicode char U+1E03 (decimal 7683)
   defining Unicode char U+200C (decimal 8204)
   defining Unicode char U+2010 (decimal 8208)
   defining Unicode char U+2011 (decimal 8209)
   defining Unicode char U+2012 (decimal 8210)
   defining Unicode char U+2013 (decimal 8211)
   defining Unicode char U+2014 (decimal 8212)
   defining Unicode char U+2015 (decimal 8213)
   defining Unicode char U+2018 (decimal 8216)
   defining Unicode char U+2019 (decimal 8217)
   defining Unicode char U+201A (decimal 8218)
   defining Unicode char U+201C (decimal 8220)
   defining Unicode char U+201D (decimal 8221)
   defining Unicode char U+201E (decimal 8222)
   defining Unicode char U+2030 (decimal 8240)
   defining Unicode char U+2031 (decimal 8241)
   defining Unicode char U+2039 (decimal 8249)
   defining Unicode char U+203A (decimal 8250)
   defining Unicode char U+2423 (decimal 9251)
)
Now handling font encoding OT1 ...
... processing UTF-8 mapping file for font encoding OT1

(/usr/local/texlive/2016/texmf-dist/tex/latex/base/ot1enc.dfu
File: ot1enc.dfu 2016/02/28 v1.1s UTF-8 support for inputenc
   defining Unicode char U+00A0 (decimal 160)
   defining Unicode char U+00A1 (decimal 161)
   defining Unicode char U+00A3 (decimal 163)
   defining Unicode char U+00AD (decimal 173)
   defining Unicode char U+00B8 (decimal 184)
   defining Unicode char U+00BF (decimal 191)
   defining Unicode char U+00C5 (decimal 197)
   defining Unicode char U+00C6 (decimal 198)
   defining Unicode char U+00D8 (decimal 216)
   defining Unicode char U+00DF (decimal 223)
   defining Unicode char U+00E6 (decimal 230)
   defining Unicode char U+00EC (decimal 236)
   defining Unicode char U+00ED (decimal 237)
   defining Unicode char U+00EE (decimal 238)
   defining Unicode char U+00EF (decimal 239)
   defining Unicode char U+00F8 (decimal 248)
   defining Unicode char U+0131 (decimal 305)
   defining Unicode char U+0141 (decimal 321)
   defining Unicode char U+0142 (decimal 322)
   defining Unicode char U+0152 (decimal 338)
   defining Unicode char U+0153 (decimal 339)
   defining Unicode char U+0174 (decimal 372)
   defining Unicode char U+0175 (decimal 373)
   defining Unicode char U+0176 (decimal 374)
   defining Unicode char U+0177 (decimal 375)
   defining Unicode char U+0218 (decimal 536)
   defining Unicode char U+0219 (decimal 537)
   defining Unicode char U+021A (decimal 538)
   defining Unicode char U+021B (decimal 539)
   defining Unicode char U+2013 (decimal 8211)
   defining Unicode char U+2014 (decimal 8212)
   defining Unicode char U+2018 (decimal 8216)
   defining Unicode char U+2019 (decimal 8217)
   defining Unicode char U+201C (decimal 8220)
   defining Unicode char U+201D (decimal 8221)
)
Now handling font encoding OMS ...
... processing UTF-8 mapping file for font encoding OMS

(/usr/local/texlive/2016/texmf-dist/tex/latex/base/omsenc.dfu
File: omsenc.dfu 2016/02/28 v1.1s UTF-8 support for inputenc
   defining Unicode char U+00A7 (decimal 167)
   defining Unicode char U+00B6 (decimal 182)
   defining Unicode char U+00B7 (decimal 183)
   defining Unicode char U+2020 (decimal 8224)
   defining Unicode char U+2021 (decimal 8225)
   defining Unicode char U+2022 (decimal 8226)
)
Now handling font encoding OMX ...
... no UTF-8 mapping file for font encoding OMX
Now handling font encoding U ...
... no UTF-8 mapping file for font encoding U
   defining Unicode char U+00A9 (decimal 169)
   defining Unicode char U+00AA (decimal 170)
   defining Unicode char U+00AE (decimal 174)
   defining Unicode char U+00BA (decimal 186)
   defining Unicode char U+02C6 (decimal 710)
   defining Unicode char U+02DC (decimal 732)
   defining Unicode char U+200C (decimal 8204)
   defining Unicode char U+2026 (decimal 8230)
   defining Unicode char U+2122 (decimal 8482)
   defining Unicode char U+2423 (decimal 9251)
))
(/usr/local/texlive/2016/texmf-dist/tex/latex/listings/listings.sty
\lst@mode=\count93
\lst@gtempboxa=\box28
\lst@token=\toks18
\lst@length=\count94
\lst@currlwidth=\dimen112
\lst@column=\count95
\lst@pos=\count96
\lst@lostspace=\dimen113
\lst@width=\dimen114
\lst@newlines=\count97
\lst@lineno=\count98
\lst@maxwidth=\dimen115

(/usr/local/texlive/2016/texmf-dist/tex/latex/listings/lstmisc.sty
File: lstmisc.sty 2015/06/04 1.6 (Carsten Heinz)
\c@lstnumber=\count99
\lst@skipnumbers=\count100
\lst@framebox=\box29
)
(/usr/local/texlive/2016/texmf-dist/tex/latex/listings/listings.cfg
File: listings.cfg 2015/06/04 1.6 listings configuration
))
Package: listings 2015/06/04 1.6 (Carsten Heinz)

(/usr/local/texlive/2016/texmf-dist/tex/latex/subfigure/subfigure.sty
Package: subfigure 2002/03/15 v2.1.5 subfigure package
\subfigtopskip=\skip56
\subfigcapskip=\skip57
\subfigcaptopadj=\dimen116
\subfigbottomskip=\skip58
\subfigcapmargin=\dimen117
\subfiglabelskip=\skip59
\c@subfigure=\count101
\c@lofdepth=\count102
\c@subtable=\count103
\c@lotdepth=\count104

****************************************
* Local config file subfigure.cfg used *
****************************************
(/usr/local/texlive/2016/texmf-dist/tex/latex/subfigure/subfigure.cfg)
\subfig@top=\skip60
\subfig@bottom=\skip61
)
(/usr/local/texlive/2016/texmf-dist/tex/latex/graphics/epsfig.sty
Package: epsfig 1999/02/16 v1.7a (e)psfig emulation (SPQR)

(/usr/local/texlive/2016/texmf-dist/tex/latex/graphics/graphicx.sty
Package: graphicx 2014/10/28 v1.0g Enhanced LaTeX Graphics (DPC,SPQR)

(/usr/local/texlive/2016/texmf-dist/tex/latex/graphics/graphics.sty
Package: graphics 2016/05/09 v1.0r Standard LaTeX Graphics (DPC,SPQR)

(/usr/local/texlive/2016/texmf-dist/tex/latex/graphics/trig.sty
Package: trig 2016/01/03 v1.10 sin cos tan (DPC)
)
(/usr/local/texlive/2016/texmf-dist/tex/latex/graphics-cfg/graphics.cfg
File: graphics.cfg 2016/01/02 v1.10 sample graphics configuration
)
Package graphics Info: Driver file: pdftex.def on input line 96.

(/usr/local/texlive/2016/texmf-dist/tex/latex/pdftex-def/pdftex.def
File: pdftex.def 2011/05/27 v0.06d Graphics/color for pdfTeX

(/usr/local/texlive/2016/texmf-dist/tex/generic/oberdiek/infwarerr.sty
Package: infwarerr 2016/05/16 v1.4 Providing info/warning/error messages (HO)
)
(/usr/local/texlive/2016/texmf-dist/tex/generic/oberdiek/ltxcmds.sty
Package: ltxcmds 2016/05/16 v1.23 LaTeX kernel commands for general use (HO)
)
\Gread@gobject=\count105
))
\Gin@req@height=\dimen118
\Gin@req@width=\dimen119
)
\epsfxsize=\dimen120
\epsfysize=\dimen121
)
(/usr/local/texlive/2016/texmf-dist/tex/latex/multirow/multirow.sty
\bigstrutjot=\dimen122
)
(/usr/local/texlive/2016/texmf-dist/tex/latex/tools/longtable.sty
Package: longtable 2014/10/28 v4.11 Multi-page Table package (DPC)
\LTleft=\skip62
\LTright=\skip63
\LTpre=\skip64
\LTpost=\skip65
\LTchunksize=\count106
\LTcapwidth=\dimen123
\LT@head=\box30
\LT@firsthead=\box31
\LT@foot=\box32
\LT@lastfoot=\box33
\LT@cols=\count107
\LT@rows=\count108
\c@LT@tables=\count109
\c@LT@chunks=\count110
\LT@p@ftn=\toks19
)
Class scrbook Info: longtable captions redefined on input line 63.

(/usr/local/texlive/2016/texmf-dist/tex/latex/rotating/rotating.sty
Package: rotating 2009/03/28 v2.16a rotated objects in LaTeX

(/usr/local/texlive/2016/texmf-dist/tex/latex/base/ifthen.sty
Package: ifthen 2014/09/29 v1.1c Standard LaTeX ifthen package (DPC)
)
\c@r@tfl@t=\count111
\rotFPtop=\skip66
\rotFPbot=\skip67
\rot@float@box=\box34
\rot@mess@toks=\toks20
)
(/usr/local/texlive/2016/texmf-dist/tex/latex/framed/framed.sty
Package: framed 2011/10/22 v 0.96: framed or shaded text with page breaks
\OuterFrameSep=\skip68
\fb@frw=\dimen124
\fb@frh=\dimen125
\FrameRule=\dimen126
\FrameSep=\dimen127
)
(/usr/local/texlive/2016/texmf-dist/tex/latex/koma-script/scrpage2.sty
Package: scrpage2 2016/05/10 v3.20 KOMA-Script package (page head and foot)
LaTeX Info: Redefining \pagemark on input line 174.
)
(/usr/local/texlive/2016/texmf-dist/tex/latex/float/float.sty
Package: float 2001/11/08 v1.3d Float enhancements (AL)
\c@float@type=\count112
\float@exts=\toks21
\float@box=\box35
\@float@everytoks=\toks22
\@floatcapt=\box36
)
(/usr/local/texlive/2016/texmf-dist/tex/latex/hyperref/hyperref.sty
Package: hyperref 2016/05/05 v6.83n Hypertext links for LaTeX

(/usr/local/texlive/2016/texmf-dist/tex/generic/oberdiek/hobsub-hyperref.sty
Package: hobsub-hyperref 2016/05/16 v1.14 Bundle oberdiek, subset hyperref (HO)


(/usr/local/texlive/2016/texmf-dist/tex/generic/oberdiek/hobsub-generic.sty
Package: hobsub-generic 2016/05/16 v1.14 Bundle oberdiek, subset generic (HO)
Package: hobsub 2016/05/16 v1.14 Construct package bundles (HO)
Package hobsub Info: Skipping package `infwarerr' (already loaded).
Package hobsub Info: Skipping package `ltxcmds' (already loaded).
Package: ifluatex 2016/05/16 v1.4 Provides the ifluatex switch (HO)
Package ifluatex Info: LuaTeX not detected.
Package hobsub Info: Skipping package `ifvtex' (already loaded).
Package: intcalc 2016/05/16 v1.2 Expandable calculations with integers (HO)
Package hobsub Info: Skipping package `ifpdf' (already loaded).
Package: etexcmds 2016/05/16 v1.6 Avoid name clashes with e-TeX commands (HO)
Package etexcmds Info: Could not find \expanded.
(etexcmds)             That can mean that you are not using pdfTeX 1.50 or
(etexcmds)             that some package has redefined \expanded.
(etexcmds)             In the latter case, load this package earlier.
Package: kvsetkeys 2016/05/16 v1.17 Key value parser (HO)
Package: kvdefinekeys 2016/05/16 v1.4 Define keys (HO)
Package: pdftexcmds 2016/05/10 v0.21 Utility functions of pdfTeX for LuaTeX (HO
)
Package pdftexcmds Info: LuaTeX not detected.
Package pdftexcmds Info: \pdf@primitive is available.
Package pdftexcmds Info: \pdf@ifprimitive is available.
Package pdftexcmds Info: \pdfdraftmode found.
Package: pdfescape 2016/05/16 v1.14 Implements pdfTeX's escape features (HO)
Package: bigintcalc 2016/05/16 v1.4 Expandable calculations on big integers (HO
)
Package: bitset 2016/05/16 v1.2 Handle bit-vector datatype (HO)
Package: uniquecounter 2016/05/16 v1.3 Provide unlimited unique counter (HO)
)
Package hobsub Info: Skipping package `hobsub' (already loaded).
Package: letltxmacro 2016/05/16 v1.5 Let assignment for LaTeX macros (HO)
Package: hopatch 2016/05/16 v1.3 Wrapper for package hooks (HO)
Package: xcolor-patch 2016/05/16 xcolor patch
Package: atveryend 2016/05/16 v1.9 Hooks at the very end of document (HO)
Package atveryend Info: \enddocument detected (standard20110627).
Package: atbegshi 2016/05/16 v1.17 At begin shipout hook (HO)
Package: refcount 2016/05/16 v3.5 Data extraction from label references (HO)
Package: hycolor 2016/05/16 v1.8 Color options for hyperref/bookmark (HO)
)
(/usr/local/texlive/2016/texmf-dist/tex/latex/oberdiek/auxhook.sty
Package: auxhook 2016/05/16 v1.4 Hooks for auxiliary files (HO)
)
(/usr/local/texlive/2016/texmf-dist/tex/latex/oberdiek/kvoptions.sty
Package: kvoptions 2016/05/16 v3.12 Key value format for package options (HO)
)
\@linkdim=\dimen128
\Hy@linkcounter=\count113
\Hy@pagecounter=\count114

(/usr/local/texlive/2016/texmf-dist/tex/latex/hyperref/pd1enc.def
File: pd1enc.def 2016/05/05 v6.83n Hyperref: PDFDocEncoding definition (HO)
Now handling font encoding PD1 ...
... no UTF-8 mapping file for font encoding PD1
)
\Hy@SavedSpaceFactor=\count115

(/usr/local/texlive/2016/texmf-dist/tex/latex/latexconfig/hyperref.cfg
File: hyperref.cfg 2002/06/06 v1.2 hyperref configuration of TeXLive
)

Package hyperref Warning: Option `a4paper' is no longer used.

Package hyperref Info: Option `colorlinks' set `true' on input line 4322.
Package hyperref Info: Option `plainpages' set `false' on input line 4322.
Package hyperref Info: Option `pdfpagelabels' set `true' on input line 4322.
Package hyperref Info: Hyper figures OFF on input line 4446.
Package hyperref Info: Link nesting OFF on input line 4451.
Package hyperref Info: Hyper index ON on input line 4454.
Package hyperref Info: Plain pages OFF on input line 4461.
Package hyperref Info: Backreferencing OFF on input line 4466.
Package hyperref Info: Implicit mode ON; LaTeX internals redefined.
Package hyperref Info: Bookmarks ON on input line 4691.
\c@Hy@tempcnt=\count116
(/usr/local/texlive/2016/texmf-dist/tex/latex/url/url.sty
\Urlmuskip=\muskip10
Package: url 2013/09/16  ver 3.4  Verb mode for urls, etc.
)
LaTeX Info: Redefining \url on input line 5044.
\XeTeXLinkMargin=\dimen129
\Fld@menulength=\count117
\Field@Width=\dimen130
\Fld@charsize=\dimen131
Package hyperref Info: Hyper figures OFF on input line 6298.
Package hyperref Info: Link nesting OFF on input line 6303.
Package hyperref Info: Hyper index ON on input line 6306.
Package hyperref Info: backreferencing OFF on input line 6313.
Package hyperref Info: Link coloring ON on input line 6316.
Package hyperref Info: Link coloring with OCG OFF on input line 6323.
Package hyperref Info: PDF/A mode OFF on input line 6328.
LaTeX Info: Redefining \ref on input line 6368.
LaTeX Info: Redefining \pageref on input line 6372.
\Hy@abspage=\count118
\c@Item=\count119
\c@Hfootnote=\count120
)

Package hyperref Message: Driver (autodetected): hpdftex.

(/usr/local/texlive/2016/texmf-dist/tex/latex/hyperref/hpdftex.def
File: hpdftex.def 2016/05/05 v6.83n Hyperref driver for pdfTeX
\Fld@listcount=\count121
\c@bookmark@seq@number=\count122

(/usr/local/texlive/2016/texmf-dist/tex/latex/oberdiek/rerunfilecheck.sty
Package: rerunfilecheck 2016/05/16 v1.8 Rerun checks for auxiliary files (HO)
Package uniquecounter Info: New unique counter `rerunfilecheck' on input line 2
82.
)
\Hy@SectionHShift=\skip69
)
(/usr/local/texlive/2016/texmf-dist/tex/latex/setspace/setspace.sty
Package: setspace 2011/12/19 v6.7a set line spacing
)
(/usr/local/texlive/2016/texmf-dist/tex/latex/nomencl/nomencl.sty
Package: nomencl 2005/09/22 v4.2 Nomenclature package (LN)
\nomlabelwidth=\dimen132
\nom@tempdim=\dimen133
\nomitemsep=\skip70
)
\@nomenclaturefile=\write3
\openout3 = `arbeit.nlo'.


Writing nomenclature file arbeit.nlo
(./tocstyle.sty
Package: tocstyle 2008/10/20 v0.2c-alpha LaTeX2e KOMA-Script package (versatile
 toc styles)


Package tocstyle Warning: THIS IS AN ALPHA VERSION!
(tocstyle)                USAGE OF THIS VERSION IS ON YOUR OWN RISK!
(tocstyle)                EVERYTHING MAY HAPPEN!
(tocstyle)                EVERYTHING MAY CHANGE IN FUTURE!
(tocstyle)                THERE IS NO SUPPORT, IF YOU USE THIS PACKAGE!
(tocstyle)                Maybe it would be better, not to load this package.

\tocstyle@indentstyle=\count123
Package tocstyle Info: no tocstyle.cfg found on input line 825.
)
exclude: leaders
exclude: leaders
exclude: leaders
exclude: leaders
exclude: leaders
exclude: leaders
exclude: leaders
exclude: leaders
exclude: leaders
Package scrkbase Info: You've told me to redefine the font selection of the
(scrkbase)             element `sectioning' that is an alias of element
(scrkbase)             `disposition' on input line 133.
Package scrkbase Info: You've told me to redefine the font selection of the
(scrkbase)             element `pagehead' that is an alias of element
(scrkbase)             `pageheadfoot' on input line 142.

Package scrkbase Warning: `pagehead' is only an alias of `pageheadfoot'.
(scrkbase)                Font of page foot may also be changed on input line 1
42.

(./arbeit.aux (./kapitel/titel.aux) (./acknowledgments.aux)
(./kapitel/abstract.aux) (./kapitel/introduction.aux) (./kapitel/figo.aux)
(./kapitel/testing.aux) (./kapitel/realTime.aux) (./kapitel/async.aux)
(./kapitel/architectureDesign.aux) (./kapitel/implementationTestCoverage.aux

LaTeX Warning: Label `demo' multiply defined.

) (./kapitel/performance.aux) (./kapitel/fits.aux) (./kapitel/Limitations.aux)
(./kapitel/Conclusion.aux) (./kapitel/erklaerung.aux)
(./kapitel/abtretungserklaerung.aux))
\openout1 = `arbeit.aux'.

LaTeX Font Info:    Checking defaults for OML/cmm/m/it on input line 153.
LaTeX Font Info:    ... okay on input line 153.
LaTeX Font Info:    Checking defaults for T1/cmr/m/n on input line 153.
LaTeX Font Info:    ... okay on input line 153.
LaTeX Font Info:    Checking defaults for OT1/cmr/m/n on input line 153.
LaTeX Font Info:    ... okay on input line 153.
LaTeX Font Info:    Checking defaults for OMS/cmsy/m/n on input line 153.
LaTeX Font Info:    ... okay on input line 153.
LaTeX Font Info:    Checking defaults for OMX/cmex/m/n on input line 153.
LaTeX Font Info:    ... okay on input line 153.
LaTeX Font Info:    Checking defaults for U/cmr/m/n on input line 153.
LaTeX Font Info:    ... okay on input line 153.
LaTeX Font Info:    Checking defaults for PD1/pdf/m/n on input line 153.
LaTeX Font Info:    ... okay on input line 153.

*geometry* driver: auto-detecting
*geometry* detected driver: pdftex
*geometry* verbose mode - [ preamble ] result:
* driver: pdftex
* paper: <default>
* layout: <same size as paper>
* layoutoffset:(h,v)=(0.0pt,0.0pt)
* modes: twoside 
* h-part:(L,W,R)=(113.81102pt, 412.56503pt, 71.13188pt)
* v-part:(T,H,B)=(105.2751pt, 625.96082pt, 113.81102pt)
* \paperwidth=597.50793pt
* \paperheight=845.04694pt
* \textwidth=412.56503pt
* \textheight=625.96082pt
* \oddsidemargin=41.54103pt
* \evensidemargin=-1.1381pt
* \topmargin=-6.86989pt
* \headheight=18.125pt
* \headsep=21.75pt
* \topskip=12.0pt
* \footskip=50.75pt
* \marginparwidth=57.81621pt
* \marginparsep=12.8401pt
* \columnsep=10.0pt
* \skip\footins=10.8pt plus 4.0pt minus 2.0pt
* \hoffset=0.0pt
* \voffset=0.0pt
* \mag=1000
* \@twocolumnfalse
* \@twosidetrue
* \@mparswitchtrue
* \@reversemarginfalse
* (1in=72.27pt=25.4mm, 1cm=28.453pt)

\c@lstlisting=\count124
(/usr/local/texlive/2016/texmf-dist/tex/context/base/mkii/supp-pdf.mkii
[Loading MPS to PDF converter (version 2006.09.02).]
\scratchcounter=\count125
\scratchdimen=\dimen134
\scratchbox=\box37
\nofMPsegments=\count126
\nofMParguments=\count127
\everyMPshowfont=\toks23
\MPscratchCnt=\count128
\MPscratchDim=\dimen135
\MPnumerator=\count129
\makeMPintoPDFobject=\count130
\everyMPtoPDFconversion=\toks24
) (/usr/local/texlive/2016/texmf-dist/tex/latex/oberdiek/epstopdf-base.sty
Package: epstopdf-base 2016/05/15 v2.6 Base part for package epstopdf

(/usr/local/texlive/2016/texmf-dist/tex/latex/oberdiek/grfext.sty
Package: grfext 2016/05/16 v1.2 Manage graphics extensions (HO)
)
Package grfext Info: Graphics extension search list:
(grfext)             [.png,.pdf,.jpg,.mps,.jpeg,.jbig2,.jb2,.PNG,.PDF,.JPG,.JPE
G,.JBIG2,.JB2,.eps]
(grfext)             \AppendGraphicsExtensions on input line 456.

(/usr/local/texlive/2016/texmf-dist/tex/latex/latexconfig/epstopdf-sys.cfg
File: epstopdf-sys.cfg 2010/07/13 v1.3 Configuration of (r)epstopdf for TeX Liv
e
))

Package scrpage2 Warning: seems you are using a very small headheight.
(scrpage2)                If you get overfull \vbox warnings at almost every
(scrpage2)                page, you should increase headheight e.g. writing
(scrpage2)                 \setlength{\headheight}{1.1\baselineskip}
(scrpage2)                into the preamble of your document.
(scrpage2)                A better solution would be to use typearea package.

\AtBeginShipoutBox=\box38
(/usr/local/texlive/2016/texmf-dist/tex/latex/graphics/color.sty
Package: color 2016/05/09 v1.1c Standard LaTeX Color (DPC)

(/usr/local/texlive/2016/texmf-dist/tex/latex/graphics-cfg/color.cfg
File: color.cfg 2016/01/02 v1.6 sample color configuration
)
Package color Info: Driver file: pdftex.def on input line 144.
)
Package hyperref Info: Link coloring ON on input line 153.

(/usr/local/texlive/2016/texmf-dist/tex/latex/hyperref/nameref.sty
Package: nameref 2012/10/27 v2.43 Cross-referencing by name of section

(/usr/local/texlive/2016/texmf-dist/tex/generic/oberdiek/gettitlestring.sty
Package: gettitlestring 2016/05/16 v1.5 Cleanup title references (HO)
)
\c@section@level=\count131
)
LaTeX Info: Redefining \ref on input line 153.
LaTeX Info: Redefining \pageref on input line 153.
LaTeX Info: Redefining \nameref on input line 153.

(./arbeit.out) (./arbeit.out)
\@outlinefile=\write4
\openout4 = `arbeit.out'.

Package tocstyle Info: prepare \l@part for redefinition on input line 153.
Package tocstyle Info: prepare \l@chapter for redefinition on input line 153.
Package tocstyle Info: prepare \l@section for redefinition on input line 153.
LaTeX Font Info:    External font `cmex10' loaded for size
(Font)              <12> on input line 153.
LaTeX Font Info:    External font `cmex10' loaded for size
(Font)              <8> on input line 153.
LaTeX Font Info:    External font `cmex10' loaded for size
(Font)              <6> on input line 153.
Package tocstyle Info: prepare \l@subsection for redefinition on input line 153
.
Package tocstyle Info: prepare \l@subsubsection for redefinition on input line 
153.
Package tocstyle Info: prepare \l@table for redefinition on input line 153.
Package tocstyle Info: prepare \l@figure for redefinition on input line 153.
*geometry* verbose mode - [ newgeometry ] result:
* driver: pdftex
* paper: <default>
* layout: <same size as paper>
* layoutoffset:(h,v)=(0.0pt,0.0pt)
* modes: twoside 
* h-part:(L,W,R)=(85.35826pt, 426.79141pt, 85.35826pt)
* v-part:(T,H,B)=(85.35826pt, 674.33041pt, 85.35826pt)
* \paperwidth=597.50793pt
* \paperheight=845.04694pt
* \textwidth=426.79141pt
* \textheight=674.33041pt
* \oddsidemargin=13.08827pt
* \evensidemargin=13.08827pt
* \topmargin=-26.78673pt
* \headheight=18.125pt
* \headsep=21.75pt
* \topskip=12.0pt
* \footskip=50.75pt
* \marginparwidth=57.81621pt
* \marginparsep=12.8401pt
* \columnsep=10.0pt
* \skip\footins=10.8pt plus 4.0pt minus 2.0pt
* \hoffset=0.0pt
* \voffset=0.0pt
* \mag=1000
* \@twocolumnfalse
* \@twosidetrue
* \@mparswitchtrue
* \@reversemarginfalse
* (1in=72.27pt=25.4mm, 1cm=28.453pt)

\openout2 = `kapitel/titel.aux'.

 (./kapitel/titel.tex
<grafiken/unilogo.png, id=304, 1445.4pt x 281.05pt>
File: grafiken/unilogo.png Graphic file (type png)
 <use grafiken/unilogo.png>
Package pdftex.def Info: grafiken/unilogo.png used on input line 10.
(pdftex.def)             Requested size: 256.07744pt x 49.79344pt.

Overfull \hbox (25.03719pt too wide) in alignment at lines 33--41
[] []
 []

[1






{/usr/local/texlive/2016/texmf-var/fonts/map/pdftex/updmap/pdftex.map} <./grafi
ken/unilogo.png>])
\openout2 = `acknowledgments.aux'.

 (./acknowledgments.tex [2




]) [3]
\openout2 = `kapitel/abstract.aux'.

 (./kapitel/abstract.tex
[4



]
chapter without number

Class scrbook Warning: \float@addtolists detected!
(scrbook)              Implementation of \float@addtolist became
(scrbook)              deprecated in KOMA-Script v3.01 2008/11/14 and
(scrbook)              has been replaced by several more flexible
(scrbook)              features of package `tocbasic`.
(scrbook)              Since Version 3.12 support for deprecated
(scrbook)              \float@addtolist interface has been
(scrbook)              restricted to only some of the KOMA-Script
(scrbook)              features and been removed from others.
(scrbook)              Loading of package `scrhack' may help to
(scrbook)              avoid this warning, if you are using a
(scrbook)              a package that still implements the
(scrbook)              deprecated \float@addtolist interface .

) [5] [6


] (./arbeit.toc
m (toc, 0): 17.62482pt
C (toc, 0): 0.0pt
a (toc, 0): 20.25pt
A (toc, 0): 0.0pt
m (toc, 0): 17.62482pt
C (toc, 0): 0.0pt
a (toc, 0): 20.25pt
A (toc, 0): 0.0pt
m (toc, 0): 17.62482pt
C (toc, 0): 0.0pt
a (toc, 0): 20.25pt
A (toc, 0): 0.0pt
m (toc, 0): 17.62482pt
C (toc, 0): 0.0pt
a (toc, 0): 20.25pt
A (toc, 0): 0.0pt
m (toc, 0): 17.62482pt
C (toc, 0): 0.0pt
a (toc, 0): 20.25pt
A (toc, 0): 0.0pt
m (toc, 0): 17.62482pt
C (toc, 0): 0.0pt
a (toc, 0): 20.25pt
A (toc, 0): 0.0pt
m (toc, 0): 17.62482pt
C (toc, 0): 0.0pt
a (toc, 0): 20.25pt
A (toc, 0): 0.0pt
m (toc, 1): 27.02475pt
C (toc, 1): 13.5pt
a (toc, 1): 26.76361pt
A (toc, 1): 20.25pt
m (toc, 2): 37.59956pt
C (toc, 2): 34.38867pt
a (toc, 2): 35.9024pt
A (toc, 2): 47.01361pt
m (toc, 0): 17.62482pt
C (toc, 0): 0.0pt
a (toc, 0): 20.25pt
A (toc, 0): 0.0pt
m (toc, 1): 27.02475pt
C (toc, 1): 13.5pt
a (toc, 1): 26.76361pt
A (toc, 1): 20.25pt
m (toc, 1): 27.02475pt
C (toc, 1): 13.5pt
a (toc, 1): 26.76361pt
A (toc, 1): 20.25pt
m (toc, 0): 17.62482pt
C (toc, 0): 0.0pt
a (toc, 0): 20.25pt
A (toc, 0): 0.0pt
m (toc, 1): 27.02475pt
C (toc, 1): 13.5pt
a (toc, 1): 26.76361pt
A (toc, 1): 20.25pt
m (toc, 2): 37.59956pt
C (toc, 2): 34.38867pt
a (toc, 2): 35.9024pt
A (toc, 2): 47.01361pt
m (toc, 2): 37.59956pt
C (toc, 2): 34.38867pt
a (toc, 2): 35.9024pt
A (toc, 2): 47.01361pt
m (toc, 2): 37.59956pt
C (toc, 2): 34.38867pt
a (toc, 2): 35.9024pt
A (toc, 2): 47.01361pt
m (toc, 1): 27.02475pt
C (toc, 1): 13.5pt
a (toc, 1): 26.76361pt
A (toc, 1): 20.25pt
m (toc, 2): 37.59956pt
C (toc, 2): 34.38867pt
a (toc, 2): 35.9024pt
A (toc, 2): 47.01361pt
m (toc, 0): 17.62482pt
C (toc, 0): 0.0pt
a (toc, 0): 20.25pt
A (toc, 0): 0.0pt
m (toc, 1): 27.02475pt
C (toc, 1): 13.5pt
a (toc, 1): 26.76361pt
A (toc, 1): 20.25pt
m (toc, 1): 27.02475pt
C (toc, 1): 13.5pt
a (toc, 1): 26.76361pt
A (toc, 1): 20.25pt
m (toc, 1): 27.02475pt
C (toc, 1): 13.5pt
a (toc, 1): 26.76361pt
A (toc, 1): 20.25pt
m (toc, 2): 37.59956pt
C (toc, 2): 34.38867pt
a (toc, 2): 35.9024pt
A (toc, 2): 47.01361pt
[7]
m (toc, 0): 17.62482pt
C (toc, 0): 0.0pt
a (toc, 0): 20.25pt
A (toc, 0): 0.0pt
m (toc, 1): 27.02475pt
C (toc, 1): 13.5pt
a (toc, 1): 26.76361pt
A (toc, 1): 20.25pt
m (toc, 2): 37.59956pt
C (toc, 2): 34.38867pt
a (toc, 2): 35.9024pt
A (toc, 2): 47.01361pt
m (toc, 2): 37.59956pt
C (toc, 2): 34.38867pt
a (toc, 2): 35.9024pt
A (toc, 2): 47.01361pt
m (toc, 1): 27.02475pt
C (toc, 1): 13.5pt
a (toc, 1): 26.76361pt
A (toc, 1): 20.25pt
m (toc, 2): 37.59956pt
C (toc, 2): 34.38867pt
a (toc, 2): 35.9024pt
A (toc, 2): 47.01361pt
m (toc, 2): 37.59956pt
C (toc, 2): 34.38867pt
a (toc, 2): 35.9024pt
A (toc, 2): 47.01361pt
m (toc, 1): 27.02475pt
C (toc, 1): 13.5pt
a (toc, 1): 26.76361pt
A (toc, 1): 20.25pt
m (toc, 0): 17.62482pt
C (toc, 0): 0.0pt
a (toc, 0): 20.25pt
A (toc, 0): 0.0pt
m (toc, 0): 17.62482pt
C (toc, 0): 0.0pt
a (toc, 0): 20.25pt
A (toc, 0): 0.0pt
m (toc, 0): 17.62482pt
C (toc, 0): 0.0pt
a (toc, 0): 20.25pt
A (toc, 0): 0.0pt
m (toc, 0): 17.62482pt
C (toc, 0): 0.0pt
a (toc, 0): 20.25pt
A (toc, 0): 0.0pt
m (toc, 1): 27.02475pt
C (toc, 1): 20.25pt
a (toc, 1): 26.76361pt
A (toc, 1): 20.25pt
m (toc, 2): 37.59956pt
C (toc, 2): 47.01361pt
a (toc, 2): 35.9024pt
A (toc, 2): 47.01361pt
m (toc, 2): 37.59956pt
C (toc, 2): 47.01361pt
a (toc, 2): 35.9024pt
A (toc, 2): 47.01361pt
m (toc, 1): 27.02475pt
C (toc, 1): 20.25pt
a (toc, 1): 26.76361pt
A (toc, 1): 20.25pt
m (toc, 2): 37.59956pt
C (toc, 2): 47.01361pt
a (toc, 2): 35.9024pt
A (toc, 2): 47.01361pt
m (toc, 2): 37.59956pt
C (toc, 2): 47.01361pt
a (toc, 2): 35.9024pt
A (toc, 2): 47.01361pt
m (toc, 1): 27.02475pt
C (toc, 1): 20.25pt
a (toc, 1): 26.76361pt
A (toc, 1): 20.25pt
m (toc, 2): 37.59956pt
C (toc, 2): 47.01361pt
a (toc, 2): 35.9024pt
A (toc, 2): 47.01361pt
m (toc, 2): 37.59956pt
C (toc, 2): 47.01361pt
a (toc, 2): 35.9024pt
A (toc, 2): 47.01361pt
m (toc, 1): 27.02475pt
C (toc, 1): 20.25pt
a (toc, 1): 26.76361pt
A (toc, 1): 20.25pt
m (toc, 2): 37.59956pt
C (toc, 2): 47.01361pt
a (toc, 2): 35.9024pt
A (toc, 2): 47.01361pt
m (toc, 2): 37.59956pt
C (toc, 2): 47.01361pt
a (toc, 2): 35.9024pt
A (toc, 2): 47.01361pt
m (toc, 1): 27.02475pt
C (toc, 1): 20.25pt
a (toc, 1): 26.76361pt
A (toc, 1): 20.25pt
m (toc, 2): 37.59956pt
C (toc, 2): 47.01361pt
a (toc, 2): 35.9024pt
A (toc, 2): 47.01361pt
m (toc, 2): 37.59956pt
C (toc, 2): 47.01361pt
a (toc, 2): 35.9024pt
A (toc, 2): 47.01361pt
m (toc, 1): 27.02475pt
C (toc, 1): 20.25pt
a (toc, 1): 26.76361pt
A (toc, 1): 20.25pt
m (toc, 2): 37.59956pt
C (toc, 2): 47.01361pt
a (toc, 2): 35.9024pt
A (toc, 2): 47.01361pt
m (toc, 2): 37.59956pt
C (toc, 2): 47.01361pt
a (toc, 2): 35.9024pt
A (toc, 2): 47.01361pt
[8]
m (toc, 1): 27.02475pt
C (toc, 1): 20.25pt
a (toc, 1): 26.76361pt
A (toc, 1): 20.25pt
m (toc, 2): 37.59956pt
C (toc, 2): 47.01361pt
a (toc, 2): 35.9024pt
A (toc, 2): 47.01361pt
m (toc, 2): 37.59956pt
C (toc, 2): 47.01361pt
a (toc, 2): 35.9024pt
A (toc, 2): 47.01361pt
m (toc, 1): 27.02475pt
C (toc, 1): 20.25pt
a (toc, 1): 26.76361pt
A (toc, 1): 20.25pt
m (toc, 2): 37.59956pt
C (toc, 2): 47.01361pt
a (toc, 2): 35.9024pt
A (toc, 2): 47.01361pt
m (toc, 2): 37.59956pt
C (toc, 2): 47.01361pt
a (toc, 2): 35.9024pt
A (toc, 2): 47.01361pt
m (toc, 2): 37.59956pt
C (toc, 2): 47.01361pt
a (toc, 2): 35.9024pt
A (toc, 2): 47.01361pt
m (toc, 0): 17.62482pt
C (toc, 0): 0.0pt
a (toc, 0): 20.25pt
A (toc, 0): 0.0pt
m (toc, 1): 27.02475pt
C (toc, 1): 20.25pt
a (toc, 1): 26.76361pt
A (toc, 1): 20.25pt
m (toc, 1): 27.02475pt
C (toc, 1): 20.25pt
a (toc, 1): 26.76361pt
A (toc, 1): 20.25pt
m (toc, 0): 17.62482pt
C (toc, 0): 0.0pt
a (toc, 0): 20.25pt
A (toc, 0): 0.0pt
m (toc, 1): 27.02475pt
C (toc, 1): 20.25pt
a (toc, 1): 26.76361pt
A (toc, 1): 20.25pt
m (toc, 1): 27.02475pt
C (toc, 1): 20.25pt
a (toc, 1): 26.76361pt
A (toc, 1): 20.25pt
m (toc, 0): 17.62482pt
C (toc, 0): 0.0pt
a (toc, 0): 20.25pt
A (toc, 0): 0.0pt
m (toc, 1): 27.02475pt
C (toc, 1): 20.25pt
a (toc, 1): 26.76361pt
A (toc, 1): 20.25pt
m (toc, 1): 27.02475pt
C (toc, 1): 20.25pt
a (toc, 1): 26.76361pt
A (toc, 1): 20.25pt
m (toc, 1): 27.02475pt
C (toc, 1): 20.25pt
a (toc, 1): 26.76361pt
A (toc, 1): 20.25pt
m (toc, 0): 17.62482pt
C (toc, 0): 0.0pt
a (toc, 0): 20.25pt
A (toc, 0): 0.0pt
m (toc, 0): 17.62482pt
C (toc, 0): 0.0pt
a (toc, 0): 20.25pt
A (toc, 0): 0.0pt
m (toc, 0): 17.62482pt
C (toc, 0): 0.0pt
a (toc, 0): 20.25pt
A (toc, 0): 0.0pt
m (toc, -1): 23.49976pt
C (toc, -1): 0.0pt
a (toc, -1): 23.49976pt
A (toc, -1): 0.0pt
)
\tf@toc=\write5
\openout5 = `arbeit.toc'.

 [9] [10

] (./arbeit.lof
m (lof, 1): 27.02475pt
C (lof, 1): 17.62482pt
a (lof, 1): 32.63855pt
A (lof, 1): 17.62482pt
m (lof, 1): 27.02475pt
C (lof, 1): 17.62482pt
a (lof, 1): 32.63855pt
A (lof, 1): 17.62482pt
m (lof, 1): 27.02475pt
C (lof, 1): 17.62482pt
a (lof, 1): 32.63855pt
A (lof, 1): 17.62482pt
m (lof, 1): 27.02475pt
C (lof, 1): 17.62482pt
a (lof, 1): 32.63855pt
A (lof, 1): 17.62482pt
m (lof, 1): 27.02475pt
C (lof, 1): 17.62482pt
a (lof, 1): 32.63855pt
A (lof, 1): 17.62482pt
m (lof, 1): 27.02475pt
C (lof, 1): 17.62482pt
a (lof, 1): 32.63855pt
A (lof, 1): 17.62482pt
m (lof, 1): 27.02475pt
C (lof, 1): 17.62482pt
a (lof, 1): 32.63855pt
A (lof, 1): 17.62482pt
m (lof, 1): 27.02475pt
C (lof, 1): 17.62482pt
a (lof, 1): 32.63855pt
A (lof, 1): 17.62482pt
m (lof, 1): 27.02475pt
C (lof, 1): 17.62482pt
a (lof, 1): 32.63855pt
A (lof, 1): 17.62482pt
m (lof, 1): 27.02475pt
C (lof, 1): 17.62482pt
a (lof, 1): 32.63855pt
A (lof, 1): 17.62482pt
m (lof, 1): 27.02475pt
C (lof, 1): 17.62482pt
a (lof, 1): 32.63855pt
A (lof, 1): 17.62482pt
m (lof, 1): 27.02475pt
C (lof, 1): 17.62482pt
a (lof, 1): 32.63855pt
A (lof, 1): 17.62482pt
m (lof, 1): 27.02475pt
C (lof, 1): 17.62482pt
a (lof, 1): 32.63855pt
A (lof, 1): 17.62482pt
m (lof, 1): 27.02475pt
C (lof, 1): 17.62482pt
a (lof, 1): 32.63855pt
A (lof, 1): 17.62482pt
m (lof, 1): 27.02475pt
C (lof, 1): 17.62482pt
a (lof, 1): 32.63855pt
A (lof, 1): 17.62482pt
m (lof, 1): 27.02475pt
C (lof, 1): 17.62482pt
a (lof, 1): 32.63855pt
A (lof, 1): 17.62482pt
m (lof, 1): 27.02475pt
C (lof, 1): 17.62482pt
a (lof, 1): 32.63855pt
A (lof, 1): 17.62482pt
m (lof, 1): 27.02475pt
C (lof, 1): 17.62482pt
a (lof, 1): 32.63855pt
A (lof, 1): 17.62482pt
m (lof, 1): 27.02475pt
C (lof, 1): 17.62482pt
a (lof, 1): 32.63855pt
A (lof, 1): 17.62482pt
m (lof, 1): 27.02475pt
C (lof, 1): 17.62482pt
a (lof, 1): 32.63855pt
A (lof, 1): 17.62482pt
m (lof, 1): 27.02475pt
C (lof, 1): 17.62482pt
a (lof, 1): 32.63855pt
A (lof, 1): 17.62482pt
m (lof, 1): 27.02475pt
C (lof, 1): 17.62482pt
a (lof, 1): 32.63855pt
A (lof, 1): 17.62482pt
m (lof, 1): 27.02475pt
C (lof, 1): 17.62482pt
a (lof, 1): 32.63855pt
A (lof, 1): 17.62482pt
m (lof, 1): 27.02475pt
C (lof, 1): 17.62482pt
a (lof, 1): 32.63855pt
A (lof, 1): 17.62482pt
)
\tf@lof=\write6
\openout6 = `arbeit.lof'.


Underfull \vbox (badness 1009) has occurred while \output is active []

 [11]
[12] (./arbeit.lot
m (lot, 1): 27.02475pt
C (lot, 1): 17.62482pt
a (lot, 1): 26.76361pt
A (lot, 1): 17.62482pt
m (lot, 1): 27.02475pt
C (lot, 1): 17.62482pt
a (lot, 1): 26.76361pt
A (lot, 1): 17.62482pt
m (lot, 1): 27.02475pt
C (lot, 1): 17.62482pt
a (lot, 1): 26.76361pt
A (lot, 1): 17.62482pt
)
\tf@lot=\write7
\openout7 = `arbeit.lot'.

 [13

] (./arbeit.nls) [14



]
\openout2 = `kapitel/introduction.aux'.

 (./kapitel/introduction.tex
chapter 1.
[1


]) [2]
\openout2 = `kapitel/figo.aux'.

 (./kapitel/figo.tex
chapter 2.
LaTeX Font Info:    Try loading font information for OMS+cmr on input line 14.
(/usr/local/texlive/2016/texmf-dist/tex/latex/base/omscmr.fd
File: omscmr.fd 2014/09/29 v2.5h Standard LaTeX font definitions
)
LaTeX Font Info:    Font shape `OMS/cmr/m/n' in size <12> not available
(Font)              Font shape `OMS/cmsy/m/n' tried instead on input line 14.
 [3



]
<grafiken/figoArch.pdf, id=574, 233.87375pt x 351.3125pt>
File: grafiken/figoArch.pdf Graphic file (type pdf)

<use grafiken/figoArch.pdf>
Package pdftex.def Info: grafiken/figoArch.pdf used on input line 42.
(pdftex.def)             Requested size: 163.71048pt x 245.91707pt.
 [4 <./grafiken/figoArch.pdf>] [5] [6

]
chapter 3.
<grafiken/oit.png, id=607, 1029.8475pt x 639.38875pt>
File: grafiken/oit.png Graphic file (type png)
 <use grafiken/oit.png>
Package pdftex.def Info: grafiken/oit.png used on input line 95.
(pdftex.def)             Requested size: 412.56503pt x 256.1412pt.

[7 <./grafiken/oit.png>] [8] [9]) [10]
\openout2 = `kapitel/testing.aux'.

 (./kapitel/testing.tex
chapter 4.

Underfull \hbox (badness 10000) in paragraph at lines 11--15

 []


Underfull \hbox (badness 10000) in paragraph at lines 17--22

 []

[11



]
Overfull \hbox (4.81258pt too wide) in paragraph at lines 62--63
\OT1/cmr/m/n/12 al-ity which is de-rived from Smalltalk's SUnit, de-signed for 
tests automation[[]][[]].
 []

[12] [13] [14] [15]
<grafiken/basic_test_sheet.pdf, id=712, 720.6925pt x 310.15875pt>
File: grafiken/basic_test_sheet.pdf Graphic file (type pdf)

<use grafiken/basic_test_sheet.pdf>
Package pdftex.def Info: grafiken/basic_test_sheet.pdf used on input line 156.
(pdftex.def)             Requested size: 412.56503pt x 177.54955pt.
) [16 <./grafiken/basic_test_sheet.pdf>]
\openout2 = `kapitel/realTime.aux'.


(./kapitel/realTime.tex
chapter 5.
[17



]
<grafiken/GeneralTestingAndDebugging.pdf, id=742, 276.03125pt x 294.09875pt>
File: grafiken/GeneralTestingAndDebugging.pdf Graphic file (type pdf)

<use grafiken/GeneralTestingAndDebugging.pdf>
Package pdftex.def Info: grafiken/GeneralTestingAndDebugging.pdf used on input 
line 31.
(pdftex.def)             Requested size: 288.79425pt x 307.72679pt.

Underfull \vbox (badness 10000) has occurred while \output is active []

 [18]
[19 <./grafiken/GeneralTestingAndDebugging.pdf>]) [20]
\openout2 = `kapitel/async.aux'.

 (./kapitel/async.tex
chapter 6.
<grafiken/modulecounts.png, id=786, 619.31375pt x 435.6275pt>
File: grafiken/modulecounts.png Graphic file (type png)

<use grafiken/modulecounts.png>
Package pdftex.def Info: grafiken/modulecounts.png used on input line 27.
(pdftex.def)             Requested size: 412.56503pt x 290.21378pt.
 [21



]
Underfull \vbox (badness 7631) has occurred while \output is active []

 [22 <./grafiken/modulecounts.png>]
Overfull \hbox (25.57486pt too wide) in paragraph at lines 41--42
\OT1/cmr/m/n/12 tance which pro-vides both object-oriented and func-tional pro-
gram-ming approaches[[]]. 
 []

<grafiken/nodeArchitecture.png, id=809, 253.94875pt x 233.87375pt>
File: grafiken/nodeArchitecture.png Graphic file (type png)

<use grafiken/nodeArchitecture.png>
Package pdftex.def Info: grafiken/nodeArchitecture.png used on input line 51.
(pdftex.def)             Requested size: 253.94812pt x 233.87315pt.
 [23 <./grafiken/nodeArchitecture.png>]
<grafiken/nodeEventHandling.png, id=827, 495.8525pt x 347.2975pt>
File: grafiken/nodeEventHandling.png Graphic file (type png)

<use grafiken/nodeEventHandling.png>
Package pdftex.def Info: grafiken/nodeEventHandling.png used on input line 78.
(pdftex.def)             Requested size: 412.56503pt x 288.96165pt.
 [24] [25 <./grafiken/nodeEventHandling.png>]
Overfull \hbox (21.98438pt too wide) in paragraph at lines 100--101
\OT1/cmr/m/n/12 by Erik Mei-jer [][]$\OT1/cmtt/m/n/12 https : / / channel9 . ms
dn . com / Events / Lang-[]NEXT / Lang-[]NEXT-[]2014 /
 []

<grafiken/dualityMatrix.pdf, id=853, 366.36874pt x 316.18124pt>
File: grafiken/dualityMatrix.pdf Graphic file (type pdf)

<use grafiken/dualityMatrix.pdf>
Package pdftex.def Info: grafiken/dualityMatrix.pdf used on input line 105.
(pdftex.def)             Requested size: 183.18391pt x 158.09023pt.
 [26 <./grafiken/dualityMatrix.pdf>] [27])
[28]
\openout2 = `kapitel/architectureDesign.aux'.

 (./kapitel/architectureDesign.tex
chapter 7.
<grafiken/TSGeneratorArchitecture.pdf, id=912, 225.84375pt x 301.125pt>
File: grafiken/TSGeneratorArchitecture.pdf Graphic file (type pdf)

<use grafiken/TSGeneratorArchitecture.pdf>
Package pdftex.def Info: grafiken/TSGeneratorArchitecture.pdf used on input lin
e 9.
(pdftex.def)             Requested size: 169.38239pt x 225.84319pt.
 [29



 <./grafiken/TSGeneratorArchitecture.pdf>] [30] (./code/index.js.txt) [31]) [32
]
\openout2 = `kapitel/implementationTestCoverage.aux'.


(./kapitel/implementationTestCoverage.tex
chapter 8.
[33



] [34]
chapter 9.
[35

] [36]
chapter 10.
(./code/demo/stack.js.txt
LaTeX Font Info:    Font shape `OMS/cmr/m/n' in size <10> not available
(Font)              Font shape `OMS/cmsy/m/n' tried instead on input line 3.
LaTeX Font Info:    External font `cmex10' loaded for size
(Font)              <7> on input line 13.
LaTeX Font Info:    External font `cmex10' loaded for size
(Font)              <5> on input line 13.
) [37

]
<grafiken/demoTS.pdf, id=1018, 300.12125pt x 176.66pt>
File: grafiken/demoTS.pdf Graphic file (type pdf)

<use grafiken/demoTS.pdf>
Package pdftex.def Info: grafiken/demoTS.pdf used on input line 75.
(pdftex.def)             Requested size: 412.56503pt x 242.86916pt.

Overfull \hbox (12.88042pt too wide) in paragraph at lines 85--86
[]\OT1/cmr/m/n/12 "fs-readdir": "0.0.3", ([][]$\OT1/cmtt/m/n/12 https : / / www
 . npmjs . com / package / fs-[]readdir$[][]\OT1/cmr/m/n/12 ); 
 []


Overfull \hbox (3.20267pt too wide) in paragraph at lines 88--89
[]\OT1/cmr/m/n/12 "multipipe": "0.3.1", ([][]$\OT1/cmtt/m/n/12 https : / / www 
. npmjs . com / package / multipipe$[][]\OT1/cmr/m/n/12 ) 
 []

[38 <./grafiken/demoTS.pdf>] (./code/lib/stream/readStream.js.txt [39])
(./code/readOut.js.txt
LaTeX Font Info:    Try loading font information for OML+cmr on input line 2.

(/usr/local/texlive/2016/texmf-dist/tex/latex/base/omlcmr.fd
File: omlcmr.fd 2014/09/29 v2.5h Standard LaTeX font definitions
)
LaTeX Font Info:    Font shape `OML/cmr/m/n' in size <10> not available
(Font)              Font shape `OML/cmm/m/it' tried instead on input line 2.
)
<grafiken/testReadStream.png, id=1064, 479.7925pt x 148.555pt>
File: grafiken/testReadStream.png Graphic file (type png)

<use grafiken/testReadStream.png>
Package pdftex.def Info: grafiken/testReadStream.png used on input line 139.
(pdftex.def)             Requested size: 412.56503pt x 127.7412pt.
 [40 <./grafiken/testReadStream.png>]
(./code/lib/stream/transformStream.js.txt [41]) (./code/writeIn.js.txt)
<grafiken/testTransform.png, id=1090, 349.305pt x 82.3075pt>
File: grafiken/testTransform.png Graphic file (type png)

<use grafiken/testTransform.png>
Package pdftex.def Info: grafiken/testTransform.png used on input line 229.
(pdftex.def)             Requested size: 412.56503pt x 97.21994pt.
 [42] [43 <./grafiken/testTransform.png>]
(./code/firstSchema.js.txt) [44] (./code/scheme.js.txt [45])
<grafiken/testScheme.png, id=1186, 551.05875pt x 644.4075pt>
File: grafiken/testScheme.png Graphic file (type png)

<use grafiken/testScheme.png>
Package pdftex.def Info: grafiken/testScheme.png used on input line 316.
(pdftex.def)             Requested size: 412.56503pt x 482.46864pt.

Underfull \vbox (badness 10000) has occurred while \output is active []

 [46]
[47 <./grafiken/testScheme.png>] [48] (./code/order.js.txt [49])
(./code/transformFunction.js.txt [50]) (./code/executionOrderSchema.js.txt)
<grafiken/testOrder.png, id=1271, 515.9275pt x 285.065pt>
File: grafiken/testOrder.png Graphic file (type png)

<use grafiken/testOrder.png>
Package pdftex.def Info: grafiken/testOrder.png used on input line 392.
(pdftex.def)             Requested size: 412.56503pt x 227.96095pt.

Underfull \vbox (badness 3364) has occurred while \output is active []

 [51]
[52 <./grafiken/testOrder.png>] (./code/executionSchema.js.txt)
<grafiken/testCreate.png, id=1295, 312.16624pt x 102.3825pt>
File: grafiken/testCreate.png Graphic file (type png)

<use grafiken/testCreate.png>
Package pdftex.def Info: grafiken/testCreate.png used on input line 428.
(pdftex.def)             Requested size: 412.56503pt x 135.31403pt.
 [53 <./grafiken/testCreate.png>] [54]
(./code/makeCall.js.txt) [55] (./code/apply_template.js.txt)
(./code/GeneralTemplate.js.txt [56])
<grafiken/testTemplate.png, id=1380, 599.23875pt x 712.6625pt>
File: grafiken/testTemplate.png Graphic file (type png)

<use grafiken/testTemplate.png>
Package pdftex.def Info: grafiken/testTemplate.png used on input line 534.
(pdftex.def)             Requested size: 412.56503pt x 490.6611pt.

Underfull \vbox (badness 10000) has occurred while \output is active []

 [57]
[58 <./grafiken/testTemplate.png>] (./code/demo/demo.js.txt
LaTeX Font Info:    Font shape `OMS/cmr/m/it' in size <10> not available
(Font)              Font shape `OMS/cmsy/m/n' tried instead on input line 1.
 [59]
Underfull \vbox (badness 10000) has occurred while \output is active []

 [60])
Underfull \vbox (badness 10000) has occurred while \output is active []

 [61]
<grafiken/testWriteStream.png, id=1486, 638.385pt x 120.45pt>
File: grafiken/testWriteStream.png Graphic file (type png)

<use grafiken/testWriteStream.png>
Package pdftex.def Info: grafiken/testWriteStream.png used on input line 593.
(pdftex.def)             Requested size: 412.56503pt x 77.84311pt.
 [62 <./grafiken/testWriteStream.png>]
(./code/report.js.txt [63])
LaTeX Font Info:    Font shape `OMS/cmr/m/it' in size <12> not available
(Font)              Font shape `OMS/cmsy/m/n' tried instead on input line 660.

<grafiken/testSheetResult.png, id=1501, 460.72125pt x 239.89626pt>
File: grafiken/testSheetResult.png Graphic file (type png)

<use grafiken/testSheetResult.png>
Package pdftex.def Info: grafiken/testSheetResult.png used on input line 663.
(pdftex.def)             Requested size: 412.56503pt x 214.8211pt.

Underfull \vbox (badness 10000) has occurred while \output is active []

 [64]
<grafiken/testReport.png, id=1522, 436.63126pt x 264.99pt>
File: grafiken/testReport.png Graphic file (type png)

<use grafiken/testReport.png>
Package pdftex.def Info: grafiken/testReport.png used on input line 674.
(pdftex.def)             Requested size: 412.56503pt x 250.38452pt.

Underfull \vbox (badness 10000) has occurred while \output is active []

 [65 <./grafiken/testSheetResult.png>] [66 <./grafiken/testReport.png>]) [67]
\openout2 = `kapitel/performance.aux'.


(./kapitel/performance.tex [68



]
chapter 11.
[69] <grafiken/generation_single.png, id=1548, 769.87625pt x 538.01pt>
File: grafiken/generation_single.png Graphic file (type png)

<use grafiken/generation_single.png>
Package pdftex.def Info: grafiken/generation_single.png used on input line 40.
(pdftex.def)             Requested size: 412.56503pt x 288.32095pt.
 [70 <./grafiken/generation_single.png>]
<grafiken/generation_nested.png, id=1557, 768.8725pt x 536.0025pt>
File: grafiken/generation_nested.png Graphic file (type png)

<use grafiken/generation_nested.png>
Package pdftex.def Info: grafiken/generation_nested.png used on input line 54.
(pdftex.def)             Requested size: 412.56503pt x 287.61317pt.
 [71 <./grafiken/generation_nested.png>]
<grafiken/exec_scheme.png, id=1565, 829.0975pt x 568.1225pt>
File: grafiken/exec_scheme.png Graphic file (type png)

<use grafiken/exec_scheme.png>
Package pdftex.def Info: grafiken/exec_scheme.png used on input line 70.
(pdftex.def)             Requested size: 412.56503pt x 282.69952pt.
 [72 <./grafiken/exec_scheme.png>]
<grafiken/exec_deep.png, id=1574, 828.09375pt x 568.1225pt>
File: grafiken/exec_deep.png Graphic file (type png)

<use grafiken/exec_deep.png>
Package pdftex.def Info: grafiken/exec_deep.png used on input line 83.
(pdftex.def)             Requested size: 412.56503pt x 283.04628pt.
) [73 <./grafiken/exec_deep.png>]
\openout2 = `kapitel/fits.aux'.


(./kapitel/fits.tex [74



]
chapter 12.
LaTeX Font Info:    Font shape `OMS/cmr/bx/it' in size <12> not available
(Font)              Font shape `OMS/cmsy/b/n' tried instead on input line 17.
[75] [76]

LaTeX Warning: `h' float specifier changed to `ht'.

[77] [78] [79] [80

]
chapter 13.
<grafiken/ttf.png, id=1635, 727.71875pt x 524.96124pt>
File: grafiken/ttf.png Graphic file (type png)
 <use grafiken/ttf.png>
Package pdftex.def Info: grafiken/ttf.png used on input line 229.
(pdftex.def)             Requested size: 412.56503pt x 297.62096pt.

[81 <./grafiken/ttf.png>] [82] [83] [84] [85]) [86]
\openout2 = `kapitel/Limitations.aux'.

 (./kapitel/Limitations.tex
chapter 14.
[87



]) [88]
\openout2 = `kapitel/Conclusion.aux'.

 (./kapitel/Conclusion.tex
chapter 15.
) [89



] (./arbeit.bbl [90


]
chapter without number

Underfull \hbox (badness 10000) in paragraph at lines 8--11
[]\OT1/cmr/m/n/12 Analysis of gen-er-a-tors and other async pat-
 []


Underfull \hbox (badness 10000) in paragraph at lines 8--11
\OT1/cmr/m/n/12 terns in node.  [][]$\OT1/cmtt/m/n/12 https : / / spion . githu
b . io / posts /
 []


Underfull \hbox (badness 10000) in paragraph at lines 18--21
[]\OT1/cmr/m/n/12 The bank busi-ness model for apis: Iden-
 []


Underfull \hbox (badness 10000) in paragraph at lines 18--21
\OT1/cmr/m/n/12 tity.  [][]$\OT1/cmtt/m/n/12 http : / / tomorrowstransactions .
 com / 2015 / 03 /
 []


Underfull \hbox (badness 2197) in paragraph at lines 40--43
[]\OT1/cmr/m/n/12 Eur-lex - 32015l2366 - en - eur-lex.  [][]$\OT1/cmtt/m/n/12 h
ttp : / / eur-[]lex . europa . eu /
 []

[91]
Underfull \hbox (badness 10000) in paragraph at lines 74--77
[]\OT1/cmr/m/n/12 Ich m^^?ochte mehr zu eu-rer vi-sion er-fahren!  [][]$\OT1/cm
tt/m/n/12 https :
 []


Underfull \hbox (badness 10000) in paragraph at lines 74--77
\OT1/cmtt/m/n/12 / / figo . zendesk . com / hc / de / articles / 200974801-[]Ic
h-[]m % C3 %
 []


Underfull \hbox (badness 2181) in paragraph at lines 79--81
[]\OT1/cmr/m/n/12 Introduction to asyn-chronous pro-gram-ming.  [][]$\OT1/cmtt/
m/n/12 http : / / cs . brown . edu /
 []


Underfull \hbox (badness 10000) in paragraph at lines 95--99
[]\OT1/cmr/m/n/12 Lars markull's an-swer to what are the ben-e-fits of an api
 []


Underfull \hbox (badness 10000) in paragraph at lines 95--99
\OT1/cmr/m/n/12 for a con-sumer bank? - quora.  [][]$\OT1/cmtt/m/n/12 https : /
 / www . quora . com /
 []


Underfull \hbox (badness 10000) in paragraph at lines 95--99
\OT1/cmtt/m/n/12 What-[]are-[]the-[]benefits-[]of-[]an-[]API-[]for-[]a-[]consum
er-[]bank / answer /
 []

[92]
Underfull \hbox (badness 10000) in paragraph at lines 152--155
[]\OT1/cmr/m/n/12 Wer sind eure part-ner? wie kann ich figo dort
 []


Underfull \hbox (badness 10000) in paragraph at lines 152--155
\OT1/cmr/m/n/12 nutzen?  [][]$\OT1/cmtt/m/n/12 https : / / figo . zendesk . com
 / hc / de / articles /
 []


Overfull \hbox (3.20154pt too wide) in paragraph at lines 152--155
\OT1/cmtt/m/n/12 200907292-[]Wer-[]sind-[]eure-[]Partner-[]Wie-[]kann-[]ich-[]f
igo-[]dort-[]nutzen-[]$[][]\OT1/cmr/m/n/12 . 
 []

[93]) [94]
part without number
[95

] [96] (./kapitel/append.tex)
\openout2 = `kapitel/erklaerung.aux'.

 (./kapitel/erklaerung.tex)
Underfull \hbox (badness 10000) in paragraph at lines 21--235

 []

[97


]
\openout2 = `kapitel/abtretungserklaerung.aux'.

 (./kapitel/abtretungserklaerung.tex [98



]
Overfull \hbox (0.56125pt too wide) in paragraph at lines 3--6
\OT1/cmr/m/n/12 Hinsichtlich meiner Studienarbeit/Bachelor-Abschlussarbeit/Dipl
omarbeit r^^?aume
 []


Overfull \hbox (21.91101pt too wide) in paragraph at lines 3--6
\OT1/cmr/m/n/12 Atkin-son, um-fassende, auss-chlie^^Yliche un-be-fris-tete und 
unbeschr^^?ankte Nutzungsrechte
 []

)
Underfull \hbox (badness 10000) in paragraph at lines 20--238

 []

[99]
Package atveryend Info: Empty hook `BeforeClearDocument' on input line 240.
Package atveryend Info: Empty hook `AfterLastShipout' on input line 240.
 (./arbeit.aux (./kapitel/titel.aux) (./acknowledgments.aux)
(./kapitel/abstract.aux) (./kapitel/introduction.aux) (./kapitel/figo.aux)
(./kapitel/testing.aux) (./kapitel/realTime.aux) (./kapitel/async.aux)
(./kapitel/architectureDesign.aux) (./kapitel/implementationTestCoverage.aux)
(./kapitel/performance.aux) (./kapitel/fits.aux) (./kapitel/Limitations.aux)
(./kapitel/Conclusion.aux) (./kapitel/erklaerung.aux)
(./kapitel/abtretungserklaerung.aux))
Package atveryend Info: Executing hook `AtVeryEndDocument' on input line 240.
Package atveryend Info: Executing hook `AtEndAfterFileList' on input line 240.


Package rerunfilecheck Warning: File `arbeit.out' has changed.
(rerunfilecheck)                Rerun to get outlines right
(rerunfilecheck)                or use package `bookmark'.

Package rerunfilecheck Info: Checksums for `arbeit.out':
(rerunfilecheck)             Before: A63A0430B5FEA44A070061C8A7E00300;5035
(rerunfilecheck)             After:  E458FBB0B90C1C8FECDF7CDDF47A0B92;5036.

LaTeX Warning: There were multiply-defined labels.

Package atveryend Info: Empty hook `AtVeryVeryEnd' on input line 240.
 )
(\end occurred inside a group at level 1)

### simple group (level 1) entered at line 479 ({)
### bottom level 
Here is how much of TeX's memory you used:
 12776 strings out of 493014
 200843 string characters out of 6133351
 514743 words of memory out of 5000000
 15222 multiletter control sequences out of 15000+600000
 10456 words of font info for 37 fonts, out of 8000000 for 9000
 1141 hyphenation exceptions out of 8191
 43i,11n,66p,8485b,1981s stack positions out of 5000i,500n,10000p,200000b,80000s
</usr/local/texlive/2016/texmf-dist/fonts/type1/public/amsfonts
/cm/cmbsy10.pfb></usr/local/texlive/2016/texmf-dist/fonts/type1/public/amsfonts
/cm/cmbx10.pfb></usr/local/texlive/2016/texmf-dist/fonts/type1/public/amsfonts/
cm/cmbx12.pfb></usr/local/texlive/2016/texmf-dist/fonts/type1/public/amsfonts/c
m/cmbxti10.pfb></usr/local/texlive/2016/texmf-dist/fonts/type1/public/amsfonts/
cm/cmcsc10.pfb></usr/local/texlive/2016/texmf-dist/fonts/type1/public/amsfonts/
cm/cmmi10.pfb></usr/local/texlive/2016/texmf-dist/fonts/type1/public/amsfonts/c
m/cmmi12.pfb></usr/local/texlive/2016/texmf-dist/fonts/type1/public/amsfonts/cm
/cmr10.pfb></usr/local/texlive/2016/texmf-dist/fonts/type1/public/amsfonts/cm/c
mr12.pfb></usr/local/texlive/2016/texmf-dist/fonts/type1/public/amsfonts/cm/cmr
6.pfb></usr/local/texlive/2016/texmf-dist/fonts/type1/public/amsfonts/cm/cmr8.p
fb></usr/local/texlive/2016/texmf-dist/fonts/type1/public/amsfonts/cm/cmsy10.pf
b></usr/local/texlive/2016/texmf-dist/fonts/type1/public/amsfonts/cm/cmti10.pfb
></usr/local/texlive/2016/texmf-dist/fonts/type1/public/amsfonts/cm/cmti12.pfb>
</usr/local/texlive/2016/texmf-dist/fonts/type1/public/amsfonts/cm/cmtt10.pfb><
/usr/local/texlive/2016/texmf-dist/fonts/type1/public/amsfonts/cm/cmtt12.pfb>
Output written on arbeit.pdf (113 pages, 1398071 bytes).
PDF statistics:
 2018 PDF objects out of 2073 (max. 8388607)
 1800 compressed objects within 18 object streams
 723 named destinations out of 1000 (max. 500000)
 726 words of extra memory for PDF output out of 10000 (max. 10000000)

